Log file open, 08/24/20 14:05:52
LogInit: Display: Running engine for game: TDM_FPS_PVP
LogPlatformFile: Not using cached read wrapper
LogTaskGraph: Started task graph with 5 named threads and 23 total threads with 3 sets of task threads.
LogStats: Stats thread started at 0.599334
LogD3D11RHI: Loaded GFSDK_Aftermath_Lib.x64.dll
LogICUInternationalization: ICU TimeZone Detection - Raw Offset: -8:00, Platform Override: ''
LogPluginManager: Mounting plugin Paper2D
LogPluginManager: Mounting plugin AISupport
LogPluginManager: Mounting plugin LightPropagationVolume
LogPluginManager: Mounting plugin CameraShakePreviewer
LogPluginManager: Mounting plugin ActorLayerUtilities
LogPluginManager: Mounting plugin AnimationSharing
LogPluginManager: Mounting plugin CLionSourceCodeAccess
LogPluginManager: Mounting plugin CodeLiteSourceCodeAccess
LogPluginManager: Mounting plugin GitSourceControl
LogPluginManager: Mounting plugin KDevelopSourceCodeAccess
LogPluginManager: Mounting plugin NullSourceCodeAccess
LogPluginManager: Mounting plugin PerforceSourceControl
LogPluginManager: Mounting plugin PlasticSourceControl
LogPluginManager: Mounting plugin RiderSourceCodeAccess
LogPluginManager: Mounting plugin SubversionSourceControl
LogPluginManager: Mounting plugin UObjectPlugin
LogPluginManager: Mounting plugin VisualStudioCodeSourceCodeAccess
LogPluginManager: Mounting plugin VisualStudioSourceCodeAccess
LogPluginManager: Mounting plugin XCodeSourceCodeAccess
LogPluginManager: Mounting plugin AssetManagerEditor
LogPluginManager: Mounting plugin CryptoKeys
LogPluginManager: Mounting plugin CurveEditorTools
LogPluginManager: Mounting plugin DataValidation
LogPluginManager: Mounting plugin EditorScriptingUtilities
LogPluginManager: Mounting plugin FacialAnimation
LogPluginManager: Mounting plugin GameplayTagsEditor
LogPluginManager: Mounting plugin GeometryMode
LogPluginManager: Mounting plugin MacGraphicsSwitching
LogPluginManager: Mounting plugin MaterialAnalyzer
LogPluginManager: Mounting plugin MobileLauncherProfileWizard
LogPluginManager: Mounting plugin PluginBrowser
LogPluginManager: Mounting plugin SpeedTreeImporter
LogPluginManager: Mounting plugin DatasmithContent
LogPluginManager: Mounting plugin VariantManagerContent
LogPluginManager: Mounting plugin AlembicImporter
LogPluginManager: Mounting plugin AutomationUtils
LogPluginManager: Mounting plugin BackChannel
LogPluginManager: Mounting plugin ChaosCloth
LogPluginManager: Mounting plugin ChaosClothEditor
LogPluginManager: Mounting plugin ChaosEditor
LogPluginManager: Mounting plugin ChaosNiagara
LogPluginManager: Mounting plugin ChaosSolverPlugin
LogPluginManager: Mounting plugin CharacterAI
LogPluginManager: Mounting plugin GeometryCache
LogPluginManager: Mounting plugin GeometryCollectionPlugin
LogPluginManager: Mounting plugin GeometryProcessing
LogPluginManager: Mounting plugin PlanarCut
LogPluginManager: Mounting plugin PlatformCrypto
LogPluginManager: Mounting plugin ProxyLODPlugin
LogPluginManager: Mounting plugin SkeletalReduction
LogPluginManager: Mounting plugin Niagara
LogPluginManager: Mounting plugin MagicLeap
LogPluginManager: Mounting plugin MagicLeapLightEstimation
LogPluginManager: Mounting plugin MagicLeapMedia
LogPluginManager: Mounting plugin MagicLeapPassableWorld
LogPluginManager: Mounting plugin MLSDK
LogPluginManager: Mounting plugin AndroidMedia
LogPluginManager: Mounting plugin AvfMedia
LogPluginManager: Mounting plugin ImgMedia
LogPluginManager: Mounting plugin MediaCompositing
LogPluginManager: Mounting plugin MediaPlayerEditor
LogPluginManager: Mounting plugin WebMMedia
LogPluginManager: Mounting plugin WmfMedia
LogPluginManager: Mounting plugin MeshPainting
LogPluginManager: Mounting plugin TcpMessaging
LogPluginManager: Mounting plugin UdpMessaging
LogPluginManager: Mounting plugin ActorSequence
LogPluginManager: Mounting plugin LevelSequenceEditor
LogPluginManager: Mounting plugin MatineeToLevelSequence
LogPluginManager: Mounting plugin MovieRenderPipeline
LogPluginManager: Mounting plugin TemplateSequence
LogPluginManager: Mounting plugin NetcodeUnitTest
LogPluginManager: Mounting plugin NUTUnrealEngine4
LogPluginManager: Mounting plugin OnlineSubsystemGooglePlay
LogPluginManager: Mounting plugin OnlineSubsystemIOS
LogPluginManager: Mounting plugin OnlineSubsystem
LogPluginManager: Mounting plugin OnlineSubsystemNull
LogPluginManager: Mounting plugin OnlineSubsystemUtils
LogPluginManager: Mounting plugin LauncherChunkInstaller
LogPluginManager: Mounting plugin AndroidDeviceProfileSelector
LogPluginManager: Mounting plugin AndroidMoviePlayer
LogPluginManager: Mounting plugin AndroidPermission
LogPluginManager: Mounting plugin AppleImageUtils
LogPluginManager: Mounting plugin AppleMoviePlayer
LogPluginManager: Mounting plugin ArchVisCharacter
LogPluginManager: Mounting plugin AssetTags
LogPluginManager: Mounting plugin AudioCapture
LogPluginManager: Mounting plugin CableComponent
LogPluginManager: Mounting plugin CustomMeshComponent
LogPluginManager: Mounting plugin EditableMesh
LogPluginManager: Mounting plugin ExampleDeviceProfileSelector
LogPluginManager: Mounting plugin GoogleCloudMessaging
LogPluginManager: Mounting plugin GooglePAD
LogPluginManager: Mounting plugin IOSDeviceProfileSelector
LogPluginManager: Mounting plugin LinuxDeviceProfileSelector
LogPluginManager: Mounting plugin LocationServicesBPLibrary
LogPluginManager: Mounting plugin MobilePatchingUtils
LogPluginManager: Mounting plugin OculusVR
LogPluginManager: Mounting plugin PhysXVehicles
LogPluginManager: Mounting plugin PostSplashScreen
LogPluginManager: Mounting plugin ProceduralMeshComponent
LogPluginManager: Mounting plugin RuntimePhysXCooking
LogPluginManager: Mounting plugin SignificanceManager
LogPluginManager: Mounting plugin SoundFields
LogPluginManager: Mounting plugin SteamVR
LogPluginManager: Mounting plugin Synthesis
LogPluginManager: Mounting plugin WebMMoviePlayer
LogPluginManager: Mounting plugin WindowsMoviePlayer
LogPluginManager: Mounting plugin ScreenshotTools
LogInit: Using libcurl 7.55.1-DEV
LogInit:  - built for x86_64-pc-win32
LogInit:  - supports SSL with OpenSSL/1.1.1
LogInit:  - supports HTTP deflate (compression) using libz 1.2.8
LogInit:  - other features:
LogInit:      CURL_VERSION_SSL
LogInit:      CURL_VERSION_LIBZ
LogInit:      CURL_VERSION_IPV6
LogInit:      CURL_VERSION_ASYNCHDNS
LogInit:      CURL_VERSION_LARGEFILE
LogInit:      CURL_VERSION_IDN
LogInit:  CurlRequestOptions (configurable via config and command line):
LogInit:  - bVerifyPeer = true  - Libcurl will verify peer certificate
LogInit:  - bUseHttpProxy = false  - Libcurl will NOT use HTTP proxy
LogInit:  - bDontReuseConnections = false  - Libcurl will reuse connections
LogInit:  - MaxHostConnections = 16  - Libcurl will limit the number of connections to a host
LogInit:  - LocalHostAddr = Default
LogInit:  - BufferSize = 65536
LogOnline: OSS: Creating online subsystem instance for: NULL
LogInit: WinSock: version 1.1 (2.2), MaxSocks=32767, MaxUdp=65467
LogOnline: OSS: TryLoadSubsystemAndSetDefault: Loaded subsystem for module [NULL]
LogInit: Build: ++UE4+Release-4.25-CL-13942748
LogInit: Engine Version: 4.25.3-13942748+++UE4+Release-4.25
LogInit: Compatible Engine Version: 4.25.0-13144385+++UE4+Release-4.25
LogInit: Net CL: 13144385
LogInit: OS: Windows 10 (Release 1909) (), CPU:         Intel(R) Core(TM) i7-3770 CPU @ 3.40GHz, GPU: NVIDIA GeForce GTX 1060 3GB
LogInit: Compiled (64-bit): Jul 25 2020 02:07:48
LogInit: Compiled with Visual C++: 19.24.28315.00
LogInit: Build Configuration: Development
LogInit: Branch Name: ++UE4+Release-4.25
LogInit: Command Line: 
LogInit: Base Directory: E:/Epic Games/UE_4.25/Engine/Binaries/Win64/
LogInit: Allocator: TBB
LogInit: Installed Engine Build: 1
LogDevObjectVersion: Number of dev versions registered: 26
LogDevObjectVersion:   Dev-Blueprints (B0D832E4-1F89-4F0D-ACCF-7EB736FD4AA2): 10
LogDevObjectVersion:   Dev-Build (E1C64328-A22C-4D53-A36C-8E866417BD8C): 0
LogDevObjectVersion:   Dev-Core (375EC13C-06E4-48FB-B500-84F0262A717E): 4
LogDevObjectVersion:   Dev-Editor (E4B068ED-F494-42E9-A231-DA0B2E46BB41): 38
LogDevObjectVersion:   Dev-Framework (CFFC743F-43B0-4480-9391-14DF171D2073): 37
LogDevObjectVersion:   Dev-Mobile (B02B49B5-BB20-44E9-A304-32B752E40360): 2
LogDevObjectVersion:   Dev-Networking (A4E4105C-59A1-49B5-A7C5-40C4547EDFEE): 0
LogDevObjectVersion:   Dev-Online (39C831C9-5AE6-47DC-9A44-9C173E1C8E7C): 0
LogDevObjectVersion:   Dev-Physics (78F01B33-EBEA-4F98-B9B4-84EACCB95AA2): 4
LogDevObjectVersion:   Dev-Platform (6631380F-2D4D-43E0-8009-CF276956A95A): 0
LogDevObjectVersion:   Dev-Rendering (12F88B9F-8875-4AFC-A67C-D90C383ABD29): 43
LogDevObjectVersion:   Dev-Sequencer (7B5AE74C-D270-4C10-A958-57980B212A5A): 12
LogDevObjectVersion:   Dev-VR (D7296918-1DD6-4BDD-9DE2-64A83CC13884): 3
LogDevObjectVersion:   Dev-LoadTimes (C2A15278-BFE7-4AFE-6C17-90FF531DF755): 1
LogDevObjectVersion:   Private-Geometry (6EACA3D4-40EC-4CC1-B786-8BED09428FC5): 3
LogDevObjectVersion:   Dev-AnimPhys (29E575DD-E0A3-4627-9D10-D276232CDCEA): 17
LogDevObjectVersion:   Dev-Anim (AF43A65D-7FD3-4947-9873-3E8ED9C1BB05): 7
LogDevObjectVersion:   Dev-ReflectionCapture (6B266CEC-1EC7-4B8F-A30B-E4D90942FC07): 1
LogDevObjectVersion:   Dev-Automation (0DF73D61-A23F-47EA-B727-89E90C41499A): 1
LogDevObjectVersion:   FortniteMain (601D1886-AC64-4F84-AA16-D3DE0DEAC7D6): 31
LogDevObjectVersion:   Dev-Enterprise (9DFFBCD6-494F-0158-E221-12823C92A888): 10
LogDevObjectVersion:   Dev-Niagara (F2AED0AC-9AFE-416F-8664-AA7FFA26D6FC): 1
LogDevObjectVersion:   Dev-Destruction (174F1F0B-B4C6-45A5-B13F-2EE8D0FB917D): 10
LogDevObjectVersion:   Dev-Physics-Ext (35F94A83-E258-406C-A318-09F59610247C): 37
LogDevObjectVersion:   Dev-PhysicsMaterial-Chaos (B68FC16E-8B1B-42E2-B453-215C058844FE): 1
LogDevObjectVersion:   Dev-CineCamera (B2E18506-4273-CFC2-A54E-F4BB758BBA07): 1
LogInit: Presizing for max 25165824 objects, including 0 objects not considered by GC, pre-allocating 0 bytes for permanent pool.
LogConfig: Applying CVar settings from Section [/Script/Engine.StreamingSettings] File [G:/TDM_FPS_PVP/Saved/Config/Windows/Engine.ini]
LogConfig: Setting CVar [[s.MinBulkDataSizeForAsyncLoading:131072]]
LogConfig: Setting CVar [[s.AsyncLoadingThreadEnabled:0]]
LogConfig: Setting CVar [[s.EventDrivenLoaderEnabled:1]]
LogConfig: Setting CVar [[s.WarnIfTimeLimitExceeded:0]]
LogConfig: Setting CVar [[s.TimeLimitExceededMultiplier:1.5]]
LogConfig: Setting CVar [[s.TimeLimitExceededMinTime:0.005]]
LogConfig: Setting CVar [[s.UseBackgroundLevelStreaming:1]]
LogConfig: Setting CVar [[s.PriorityAsyncLoadingExtraTime:15.0]]
LogConfig: Setting CVar [[s.LevelStreamingActorsUpdateTimeLimit:5.0]]
LogConfig: Setting CVar [[s.PriorityLevelStreamingActorsUpdateExtraTime:5.0]]
LogConfig: Setting CVar [[s.LevelStreamingComponentsRegistrationGranularity:10]]
LogConfig: Setting CVar [[s.UnregisterComponentsTimeLimit:1.0]]
LogConfig: Setting CVar [[s.LevelStreamingComponentsUnregistrationGranularity:5]]
LogConfig: Setting CVar [[s.FlushStreamingOnExit:1]]
LogInit: Object subsystem initialized
LogConfig: Setting CVar [[con.DebugEarlyDefault:1]]
LogConfig: Setting CVar [[r.setres:1280x720]]
[2020.08.24-21.05.54:963][  0]LogConfig: Setting CVar [[r.VSync:0]]
[2020.08.24-21.05.54:963][  0]LogConfig: Setting CVar [[r.RHICmdBypass:0]]
[2020.08.24-21.05.54:963][  0]LogConfig: Applying CVar settings from Section [/Script/Engine.RendererSettings] File [G:/TDM_FPS_PVP/Saved/Config/Windows/Engine.ini]
[2020.08.24-21.05.54:963][  0]LogConfig: Setting CVar [[r.GPUCrashDebugging:0]]
[2020.08.24-21.05.54:963][  0]LogConfig: Applying CVar settings from Section [/Script/Engine.RendererOverrideSettings] File [G:/TDM_FPS_PVP/Saved/Config/Windows/Engine.ini]
[2020.08.24-21.05.54:963][  0]LogConfig: Applying CVar settings from Section [/Script/Engine.StreamingSettings] File [G:/TDM_FPS_PVP/Saved/Config/Windows/Engine.ini]
[2020.08.24-21.05.54:963][  0]LogConfig: Setting CVar [[s.MinBulkDataSizeForAsyncLoading:131072]]
[2020.08.24-21.05.54:963][  0]LogConfig: Setting CVar [[s.AsyncLoadingThreadEnabled:0]]
[2020.08.24-21.05.54:963][  0]LogConfig: Setting CVar [[s.EventDrivenLoaderEnabled:1]]
[2020.08.24-21.05.54:963][  0]LogConfig: Setting CVar [[s.WarnIfTimeLimitExceeded:0]]
[2020.08.24-21.05.54:963][  0]LogConfig: Setting CVar [[s.TimeLimitExceededMultiplier:1.5]]
[2020.08.24-21.05.54:964][  0]LogConfig: Setting CVar [[s.TimeLimitExceededMinTime:0.005]]
[2020.08.24-21.05.54:964][  0]LogConfig: Setting CVar [[s.UseBackgroundLevelStreaming:1]]
[2020.08.24-21.05.54:964][  0]LogConfig: Setting CVar [[s.PriorityAsyncLoadingExtraTime:15.0]]
[2020.08.24-21.05.54:964][  0]LogConfig: Setting CVar [[s.LevelStreamingActorsUpdateTimeLimit:5.0]]
[2020.08.24-21.05.54:964][  0]LogConfig: Setting CVar [[s.PriorityLevelStreamingActorsUpdateExtraTime:5.0]]
[2020.08.24-21.05.54:964][  0]LogConfig: Setting CVar [[s.LevelStreamingComponentsRegistrationGranularity:10]]
[2020.08.24-21.05.54:964][  0]LogConfig: Setting CVar [[s.UnregisterComponentsTimeLimit:1.0]]
[2020.08.24-21.05.54:964][  0]LogConfig: Setting CVar [[s.LevelStreamingComponentsUnregistrationGranularity:5]]
[2020.08.24-21.05.54:964][  0]LogConfig: Setting CVar [[s.FlushStreamingOnExit:1]]
[2020.08.24-21.05.54:964][  0]LogConfig: Applying CVar settings from Section [/Script/Engine.GarbageCollectionSettings] File [G:/TDM_FPS_PVP/Saved/Config/Windows/Engine.ini]
[2020.08.24-21.05.54:964][  0]LogConfig: Setting CVar [[gc.MaxObjectsNotConsideredByGC:1]]
[2020.08.24-21.05.54:964][  0]LogConfig: Setting CVar [[gc.SizeOfPermanentObjectPool:0]]
[2020.08.24-21.05.54:964][  0]LogConfig: Setting CVar [[gc.FlushStreamingOnGC:0]]
[2020.08.24-21.05.54:964][  0]LogConfig: Setting CVar [[gc.NumRetriesBeforeForcingGC:10]]
[2020.08.24-21.05.54:964][  0]LogConfig: Setting CVar [[gc.AllowParallelGC:1]]
[2020.08.24-21.05.54:964][  0]LogConfig: Setting CVar [[gc.TimeBetweenPurgingPendingKillObjects:61.1]]
[2020.08.24-21.05.54:964][  0]LogConfig: Setting CVar [[gc.MaxObjectsInEditor:25165824]]
[2020.08.24-21.05.54:964][  0]LogConfig: Setting CVar [[gc.IncrementalBeginDestroyEnabled:1]]
[2020.08.24-21.05.54:964][  0]LogConfig: Setting CVar [[gc.CreateGCClusters:1]]
[2020.08.24-21.05.54:964][  0]LogConfig: Setting CVar [[gc.MinGCClusterSize:5]]
[2020.08.24-21.05.54:964][  0]LogConfig: Setting CVar [[gc.ActorClusteringEnabled:0]]
[2020.08.24-21.05.54:964][  0]LogConfig: Setting CVar [[gc.BlueprintClusteringEnabled:0]]
[2020.08.24-21.05.54:964][  0]LogConfig: Setting CVar [[gc.UseDisregardForGCOnDedicatedServers:0]]
[2020.08.24-21.05.54:964][  0]LogConfig: Applying CVar settings from Section [/Script/Engine.NetworkSettings] File [G:/TDM_FPS_PVP/Saved/Config/Windows/Engine.ini]
[2020.08.24-21.05.54:964][  0]LogConfig: Applying CVar settings from Section [/Script/UnrealEd.CookerSettings] File [G:/TDM_FPS_PVP/Saved/Config/Windows/Engine.ini]
[2020.08.24-21.05.54:973][  0]LogConfig: Applying CVar settings from Section [ViewDistanceQuality@3] File [G:/TDM_FPS_PVP/Saved/Config/Windows/Scalability.ini]
[2020.08.24-21.05.54:973][  0]LogConfig: Setting CVar [[r.SkeletalMeshLODBias:0]]
[2020.08.24-21.05.54:973][  0]LogConfig: Setting CVar [[r.ViewDistanceScale:1.0]]
[2020.08.24-21.05.54:973][  0]LogConfig: Applying CVar settings from Section [AntiAliasingQuality@3] File [G:/TDM_FPS_PVP/Saved/Config/Windows/Scalability.ini]
[2020.08.24-21.05.54:973][  0]LogConfig: Setting CVar [[r.PostProcessAAQuality:4]]
[2020.08.24-21.05.54:973][  0]LogConfig: Applying CVar settings from Section [ShadowQuality@3] File [G:/TDM_FPS_PVP/Saved/Config/Windows/Scalability.ini]
[2020.08.24-21.05.54:973][  0]LogConfig: Setting CVar [[r.LightFunctionQuality:1]]
[2020.08.24-21.05.54:973][  0]LogConfig: Setting CVar [[r.ShadowQuality:5]]
[2020.08.24-21.05.54:973][  0]LogConfig: Setting CVar [[r.Shadow.CSM.MaxCascades:10]]
[2020.08.24-21.05.54:973][  0]LogConfig: Setting CVar [[r.Shadow.MaxResolution:2048]]
[2020.08.24-21.05.54:973][  0]LogConfig: Setting CVar [[r.Shadow.MaxCSMResolution:2048]]
[2020.08.24-21.05.54:973][  0]LogConfig: Setting CVar [[r.Shadow.RadiusThreshold:0.01]]
[2020.08.24-21.05.54:973][  0]LogConfig: Setting CVar [[r.Shadow.DistanceScale:1.0]]
[2020.08.24-21.05.54:973][  0]LogConfig: Setting CVar [[r.Shadow.CSM.TransitionScale:1.0]]
[2020.08.24-21.05.54:973][  0]LogConfig: Setting CVar [[r.Shadow.PreShadowResolutionFactor:1.0]]
[2020.08.24-21.05.54:973][  0]LogConfig: Setting CVar [[r.DistanceFieldShadowing:1]]
[2020.08.24-21.05.54:973][  0]LogConfig: Setting CVar [[r.DistanceFieldAO:1]]
[2020.08.24-21.05.54:973][  0]LogConfig: Setting CVar [[r.AOQuality:2]]
[2020.08.24-21.05.54:973][  0]LogConfig: Setting CVar [[r.VolumetricFog:1]]
[2020.08.24-21.05.54:973][  0]LogConfig: Setting CVar [[r.VolumetricFog.GridPixelSize:8]]
[2020.08.24-21.05.54:973][  0]LogConfig: Setting CVar [[r.VolumetricFog.GridSizeZ:128]]
[2020.08.24-21.05.54:973][  0]LogConfig: Setting CVar [[r.VolumetricFog.HistoryMissSupersampleCount:4]]
[2020.08.24-21.05.54:973][  0]LogConfig: Setting CVar [[r.LightMaxDrawDistanceScale:1]]
[2020.08.24-21.05.54:973][  0]LogConfig: Setting CVar [[r.CapsuleShadows:1]]
[2020.08.24-21.05.54:973][  0]LogConfig: Applying CVar settings from Section [PostProcessQuality@3] File [G:/TDM_FPS_PVP/Saved/Config/Windows/Scalability.ini]
[2020.08.24-21.05.54:973][  0]LogConfig: Setting CVar [[r.MotionBlurQuality:4]]
[2020.08.24-21.05.54:973][  0]LogConfig: Setting CVar [[r.AmbientOcclusionMipLevelFactor:0.4]]
[2020.08.24-21.05.54:973][  0]LogConfig: Setting CVar [[r.AmbientOcclusionMaxQuality:100]]
[2020.08.24-21.05.54:973][  0]LogConfig: Setting CVar [[r.AmbientOcclusionLevels:-1]]
[2020.08.24-21.05.54:973][  0]LogConfig: Setting CVar [[r.AmbientOcclusionRadiusScale:1.0]]
[2020.08.24-21.05.54:973][  0]LogConfig: Setting CVar [[r.DepthOfFieldQuality:2]]
[2020.08.24-21.05.54:973][  0]LogConfig: Setting CVar [[r.RenderTargetPoolMin:400]]
[2020.08.24-21.05.54:973][  0]LogConfig: Setting CVar [[r.LensFlareQuality:2]]
[2020.08.24-21.05.54:973][  0]LogConfig: Setting CVar [[r.SceneColorFringeQuality:1]]
[2020.08.24-21.05.54:973][  0]LogConfig: Setting CVar [[r.EyeAdaptationQuality:2]]
[2020.08.24-21.05.54:973][  0]LogConfig: Setting CVar [[r.BloomQuality:5]]
[2020.08.24-21.05.54:973][  0]LogConfig: Setting CVar [[r.FastBlurThreshold:100]]
[2020.08.24-21.05.54:973][  0]LogConfig: Setting CVar [[r.Upscale.Quality:3]]
[2020.08.24-21.05.54:973][  0]LogConfig: Setting CVar [[r.Tonemapper.GrainQuantization:1]]
[2020.08.24-21.05.54:973][  0]LogConfig: Setting CVar [[r.LightShaftQuality:1]]
[2020.08.24-21.05.54:973][  0]LogConfig: Setting CVar [[r.Filter.SizeScale:1]]
[2020.08.24-21.05.54:973][  0]LogConfig: Setting CVar [[r.Tonemapper.Quality:5]]
[2020.08.24-21.05.54:973][  0]LogConfig: Setting CVar [[r.DOF.Gather.AccumulatorQuality:1        ; higher gathering accumulator quality]]
[2020.08.24-21.05.54:973][  0]LogConfig: Setting CVar [[r.DOF.Gather.PostfilterMethod:1          ; Median3x3 postfilering method]]
[2020.08.24-21.05.54:973][  0]LogConfig: Setting CVar [[r.DOF.Gather.EnableBokehSettings:0       ; no bokeh simulation when gathering]]
[2020.08.24-21.05.54:973][  0]LogConfig: Setting CVar [[r.DOF.Gather.RingCount:4                 ; medium number of samples when gathering]]
[2020.08.24-21.05.54:973][  0]LogConfig: Setting CVar [[r.DOF.Scatter.ForegroundCompositing:1    ; additive foreground scattering]]
[2020.08.24-21.05.54:973][  0]LogConfig: Setting CVar [[r.DOF.Scatter.BackgroundCompositing:2    ; additive background scattering]]
[2020.08.24-21.05.54:973][  0]LogConfig: Setting CVar [[r.DOF.Scatter.EnableBokehSettings:1      ; bokeh simulation when scattering]]
[2020.08.24-21.05.54:973][  0]LogConfig: Setting CVar [[r.DOF.Scatter.MaxSpriteRatio:0.1         ; only a maximum of 10% of scattered bokeh]]
[2020.08.24-21.05.54:974][  0]LogConfig: Setting CVar [[r.DOF.Recombine.Quality:1                ; cheap slight out of focus]]
[2020.08.24-21.05.54:974][  0]LogConfig: Setting CVar [[r.DOF.Recombine.EnableBokehSettings:0    ; no bokeh simulation on slight out of focus]]
[2020.08.24-21.05.54:974][  0]LogConfig: Setting CVar [[r.DOF.TemporalAAQuality:1                ; more stable temporal accumulation]]
[2020.08.24-21.05.54:974][  0]LogConfig: Setting CVar [[r.DOF.Kernel.MaxForegroundRadius:0.025]]
[2020.08.24-21.05.54:974][  0]LogConfig: Setting CVar [[r.DOF.Kernel.MaxBackgroundRadius:0.025]]
[2020.08.24-21.05.54:974][  0]LogConfig: Applying CVar settings from Section [TextureQuality@3] File [G:/TDM_FPS_PVP/Saved/Config/Windows/Scalability.ini]
[2020.08.24-21.05.54:974][  0]LogConfig: Setting CVar [[r.Streaming.MipBias:0]]
[2020.08.24-21.05.54:974][  0]LogConfig: Setting CVar [[r.Streaming.AmortizeCPUToGPUCopy:0]]
[2020.08.24-21.05.54:974][  0]LogConfig: Setting CVar [[r.Streaming.MaxNumTexturesToStreamPerFrame:0]]
[2020.08.24-21.05.54:974][  0]LogConfig: Setting CVar [[r.Streaming.Boost:1]]
[2020.08.24-21.05.54:974][  0]LogConfig: Setting CVar [[r.MaxAnisotropy:8]]
[2020.08.24-21.05.54:974][  0]LogConfig: Setting CVar [[r.VT.MaxAnisotropy:8]]
[2020.08.24-21.05.54:974][  0]LogConfig: Setting CVar [[r.Streaming.LimitPoolSizeToVRAM:0]]
[2020.08.24-21.05.54:974][  0]LogConfig: Setting CVar [[r.Streaming.PoolSize:1000]]
[2020.08.24-21.05.54:974][  0]LogConfig: Setting CVar [[r.Streaming.MaxEffectiveScreenSize:0]]
[2020.08.24-21.05.54:974][  0]LogConfig: Applying CVar settings from Section [EffectsQuality@3] File [G:/TDM_FPS_PVP/Saved/Config/Windows/Scalability.ini]
[2020.08.24-21.05.54:974][  0]LogConfig: Setting CVar [[r.TranslucencyLightingVolumeDim:64]]
[2020.08.24-21.05.54:974][  0]LogConfig: Setting CVar [[r.RefractionQuality:2]]
[2020.08.24-21.05.54:974][  0]LogConfig: Setting CVar [[r.SSR.Quality:3]]
[2020.08.24-21.05.54:974][  0]LogConfig: Setting CVar [[r.SSR.HalfResSceneColor:0]]
[2020.08.24-21.05.54:974][  0]LogConfig: Setting CVar [[r.SceneColorFormat:4]]
[2020.08.24-21.05.54:974][  0]LogConfig: Setting CVar [[r.DetailMode:2]]
[2020.08.24-21.05.54:974][  0]LogConfig: Setting CVar [[r.TranslucencyVolumeBlur:1]]
[2020.08.24-21.05.54:974][  0]LogConfig: Setting CVar [[r.MaterialQualityLevel:1 ; High quality]]
[2020.08.24-21.05.54:974][  0]LogConfig: Setting CVar [[r.SSS.Scale:1]]
[2020.08.24-21.05.54:974][  0]LogConfig: Setting CVar [[r.SSS.SampleSet:2]]
[2020.08.24-21.05.54:974][  0]LogConfig: Setting CVar [[r.SSS.Quality:1]]
[2020.08.24-21.05.54:974][  0]LogConfig: Setting CVar [[r.SSS.HalfRes:0]]
[2020.08.24-21.05.54:974][  0]LogConfig: Setting CVar [[r.SSGI.Quality:3]]
[2020.08.24-21.05.54:974][  0]LogConfig: Setting CVar [[r.EmitterSpawnRateScale:1.0]]
[2020.08.24-21.05.54:974][  0]LogConfig: Setting CVar [[r.ParticleLightQuality:2]]
[2020.08.24-21.05.54:974][  0]LogConfig: Setting CVar [[r.SkyAtmosphere.AerialPerspectiveLUT.FastApplyOnOpaque:1 ; Always have FastSkyLUT 1 in this case to avoid wrong sky]]
[2020.08.24-21.05.54:974][  0]LogConfig: Setting CVar [[r.SkyAtmosphere.AerialPerspectiveLUT.SampleCountPerSlice:1]]
[2020.08.24-21.05.54:974][  0]LogConfig: Setting CVar [[r.SkyAtmosphere.AerialPerspectiveLUT.DepthResolution:16.0]]
[2020.08.24-21.05.54:974][  0]LogConfig: Setting CVar [[r.SkyAtmosphere.FastSkyLUT:1]]
[2020.08.24-21.05.54:974][  0]LogConfig: Setting CVar [[r.SkyAtmosphere.FastSkyLUT.SampleCountMin:4.0]]
[2020.08.24-21.05.54:974][  0]LogConfig: Setting CVar [[r.SkyAtmosphere.FastSkyLUT.SampleCountMax:32.0]]
[2020.08.24-21.05.54:974][  0]LogConfig: Setting CVar [[r.SkyAtmosphere.SampleCountMin:4.0]]
[2020.08.24-21.05.54:974][  0]LogConfig: Setting CVar [[r.SkyAtmosphere.SampleCountMax:32.0]]
[2020.08.24-21.05.54:974][  0]LogConfig: Setting CVar [[r.SkyAtmosphere.TransmittanceLUT.UseSmallFormat:0]]
[2020.08.24-21.05.54:974][  0]LogConfig: Setting CVar [[r.SkyAtmosphere.TransmittanceLUT.SampleCount:10.0]]
[2020.08.24-21.05.54:974][  0]LogConfig: Setting CVar [[r.SkyAtmosphere.MultiScatteringLUT.SampleCount:15.0]]
[2020.08.24-21.05.54:974][  0]LogConfig: Applying CVar settings from Section [FoliageQuality@3] File [G:/TDM_FPS_PVP/Saved/Config/Windows/Scalability.ini]
[2020.08.24-21.05.54:974][  0]LogConfig: Setting CVar [[foliage.DensityScale:1.0]]
[2020.08.24-21.05.54:974][  0]LogConfig: Setting CVar [[grass.DensityScale:1.0]]
[2020.08.24-21.05.54:974][  0]LogConfig: Applying CVar settings from Section [ShadingQuality@3] File [G:/TDM_FPS_PVP/Saved/Config/Windows/Scalability.ini]
[2020.08.24-21.05.54:974][  0]LogConfig: Setting CVar [[r.HairStrands.SkyLighting.SampleCount:16]]
[2020.08.24-21.05.54:974][  0]LogConfig: Setting CVar [[r.HairStrands.SkyLighting.JitterIntegration:0]]
[2020.08.24-21.05.54:974][  0]LogConfig: Setting CVar [[r.HairStrands.SkyAO.SampleCount:16]]
[2020.08.24-21.05.54:974][  0]LogConfig: Setting CVar [[r.HairStrands.DeepShadow.SuperSampling:0]]
[2020.08.24-21.05.54:974][  0]LogConfig: Setting CVar [[r.HairStrands.VisibilityPPLL:0]]
[2020.08.24-21.05.54:974][  0]LogConfig: Setting CVar [[r.HairStrands.RasterizationScale:0.5]]
[2020.08.24-21.05.54:974][  0]LogConfig: Setting CVar [[r.HairStrands.VelocityRasterizationScale:1]]
[2020.08.24-21.05.54:975][  0]LogInit: Selected Device Profile: [Windows]
[2020.08.24-21.05.54:975][  0]LogInit: Applying CVar settings loaded from the selected device profile: [Windows]
[2020.08.24-21.05.54:975][  0]LogHAL: Display: Platform has ~ 16 GB [17130983424 / 17179869184 / 16], which maps to Larger [LargestMinGB=32, LargerMinGB=12, DefaultMinGB=8, SmallerMinGB=6, SmallestMinGB=0)
[2020.08.24-21.05.54:975][  0]LogInit: Going up to parent DeviceProfile []
[2020.08.24-21.05.54:975][  0]LogConfig: Applying CVar settings from Section [ViewDistanceQuality@3] File [G:/TDM_FPS_PVP/Saved/Config/Windows/Scalability.ini]
[2020.08.24-21.05.54:975][  0]LogConfig: Setting CVar [[r.SkeletalMeshLODBias:0]]
[2020.08.24-21.05.54:975][  0]LogConfig: Setting CVar [[r.ViewDistanceScale:1.0]]
[2020.08.24-21.05.54:975][  0]LogConfig: Applying CVar settings from Section [AntiAliasingQuality@3] File [G:/TDM_FPS_PVP/Saved/Config/Windows/Scalability.ini]
[2020.08.24-21.05.54:975][  0]LogConfig: Setting CVar [[r.PostProcessAAQuality:4]]
[2020.08.24-21.05.54:975][  0]LogConfig: Applying CVar settings from Section [ShadowQuality@3] File [G:/TDM_FPS_PVP/Saved/Config/Windows/Scalability.ini]
[2020.08.24-21.05.54:975][  0]LogConfig: Setting CVar [[r.LightFunctionQuality:1]]
[2020.08.24-21.05.54:975][  0]LogConfig: Setting CVar [[r.ShadowQuality:5]]
[2020.08.24-21.05.54:975][  0]LogConfig: Setting CVar [[r.Shadow.CSM.MaxCascades:10]]
[2020.08.24-21.05.54:975][  0]LogConfig: Setting CVar [[r.Shadow.MaxResolution:2048]]
[2020.08.24-21.05.54:975][  0]LogConfig: Setting CVar [[r.Shadow.MaxCSMResolution:2048]]
[2020.08.24-21.05.54:975][  0]LogConfig: Setting CVar [[r.Shadow.RadiusThreshold:0.01]]
[2020.08.24-21.05.54:975][  0]LogConfig: Setting CVar [[r.Shadow.DistanceScale:1.0]]
[2020.08.24-21.05.54:975][  0]LogConfig: Setting CVar [[r.Shadow.CSM.TransitionScale:1.0]]
[2020.08.24-21.05.54:975][  0]LogConfig: Setting CVar [[r.Shadow.PreShadowResolutionFactor:1.0]]
[2020.08.24-21.05.54:975][  0]LogConfig: Setting CVar [[r.DistanceFieldShadowing:1]]
[2020.08.24-21.05.54:975][  0]LogConfig: Setting CVar [[r.DistanceFieldAO:1]]
[2020.08.24-21.05.54:975][  0]LogConfig: Setting CVar [[r.AOQuality:2]]
[2020.08.24-21.05.54:975][  0]LogConfig: Setting CVar [[r.VolumetricFog:1]]
[2020.08.24-21.05.54:975][  0]LogConfig: Setting CVar [[r.VolumetricFog.GridPixelSize:8]]
[2020.08.24-21.05.54:975][  0]LogConfig: Setting CVar [[r.VolumetricFog.GridSizeZ:128]]
[2020.08.24-21.05.54:975][  0]LogConfig: Setting CVar [[r.VolumetricFog.HistoryMissSupersampleCount:4]]
[2020.08.24-21.05.54:975][  0]LogConfig: Setting CVar [[r.LightMaxDrawDistanceScale:1]]
[2020.08.24-21.05.54:975][  0]LogConfig: Setting CVar [[r.CapsuleShadows:1]]
[2020.08.24-21.05.54:975][  0]LogConfig: Applying CVar settings from Section [PostProcessQuality@3] File [G:/TDM_FPS_PVP/Saved/Config/Windows/Scalability.ini]
[2020.08.24-21.05.54:975][  0]LogConfig: Setting CVar [[r.MotionBlurQuality:4]]
[2020.08.24-21.05.54:975][  0]LogConfig: Setting CVar [[r.AmbientOcclusionMipLevelFactor:0.4]]
[2020.08.24-21.05.54:975][  0]LogConfig: Setting CVar [[r.AmbientOcclusionMaxQuality:100]]
[2020.08.24-21.05.54:975][  0]LogConfig: Setting CVar [[r.AmbientOcclusionLevels:-1]]
[2020.08.24-21.05.54:975][  0]LogConfig: Setting CVar [[r.AmbientOcclusionRadiusScale:1.0]]
[2020.08.24-21.05.54:975][  0]LogConfig: Setting CVar [[r.DepthOfFieldQuality:2]]
[2020.08.24-21.05.54:975][  0]LogConfig: Setting CVar [[r.RenderTargetPoolMin:400]]
[2020.08.24-21.05.54:975][  0]LogConfig: Setting CVar [[r.LensFlareQuality:2]]
[2020.08.24-21.05.54:975][  0]LogConfig: Setting CVar [[r.SceneColorFringeQuality:1]]
[2020.08.24-21.05.54:975][  0]LogConfig: Setting CVar [[r.EyeAdaptationQuality:2]]
[2020.08.24-21.05.54:975][  0]LogConfig: Setting CVar [[r.BloomQuality:5]]
[2020.08.24-21.05.54:975][  0]LogConfig: Setting CVar [[r.FastBlurThreshold:100]]
[2020.08.24-21.05.54:975][  0]LogConfig: Setting CVar [[r.Upscale.Quality:3]]
[2020.08.24-21.05.54:975][  0]LogConfig: Setting CVar [[r.Tonemapper.GrainQuantization:1]]
[2020.08.24-21.05.54:975][  0]LogConfig: Setting CVar [[r.LightShaftQuality:1]]
[2020.08.24-21.05.54:975][  0]LogConfig: Setting CVar [[r.Filter.SizeScale:1]]
[2020.08.24-21.05.54:975][  0]LogConfig: Setting CVar [[r.Tonemapper.Quality:5]]
[2020.08.24-21.05.54:975][  0]LogConfig: Setting CVar [[r.DOF.Gather.AccumulatorQuality:1        ; higher gathering accumulator quality]]
[2020.08.24-21.05.54:975][  0]LogConfig: Setting CVar [[r.DOF.Gather.PostfilterMethod:1          ; Median3x3 postfilering method]]
[2020.08.24-21.05.54:976][  0]LogConfig: Setting CVar [[r.DOF.Gather.EnableBokehSettings:0       ; no bokeh simulation when gathering]]
[2020.08.24-21.05.54:976][  0]LogConfig: Setting CVar [[r.DOF.Gather.RingCount:4                 ; medium number of samples when gathering]]
[2020.08.24-21.05.54:976][  0]LogConfig: Setting CVar [[r.DOF.Scatter.ForegroundCompositing:1    ; additive foreground scattering]]
[2020.08.24-21.05.54:976][  0]LogConfig: Setting CVar [[r.DOF.Scatter.BackgroundCompositing:2    ; additive background scattering]]
[2020.08.24-21.05.54:976][  0]LogConfig: Setting CVar [[r.DOF.Scatter.EnableBokehSettings:1      ; bokeh simulation when scattering]]
[2020.08.24-21.05.54:976][  0]LogConfig: Setting CVar [[r.DOF.Scatter.MaxSpriteRatio:0.1         ; only a maximum of 10% of scattered bokeh]]
[2020.08.24-21.05.54:976][  0]LogConfig: Setting CVar [[r.DOF.Recombine.Quality:1                ; cheap slight out of focus]]
[2020.08.24-21.05.54:976][  0]LogConfig: Setting CVar [[r.DOF.Recombine.EnableBokehSettings:0    ; no bokeh simulation on slight out of focus]]
[2020.08.24-21.05.54:976][  0]LogConfig: Setting CVar [[r.DOF.TemporalAAQuality:1                ; more stable temporal accumulation]]
[2020.08.24-21.05.54:976][  0]LogConfig: Setting CVar [[r.DOF.Kernel.MaxForegroundRadius:0.025]]
[2020.08.24-21.05.54:976][  0]LogConfig: Setting CVar [[r.DOF.Kernel.MaxBackgroundRadius:0.025]]
[2020.08.24-21.05.54:976][  0]LogConfig: Applying CVar settings from Section [TextureQuality@3] File [G:/TDM_FPS_PVP/Saved/Config/Windows/Scalability.ini]
[2020.08.24-21.05.54:976][  0]LogConfig: Setting CVar [[r.Streaming.MipBias:0]]
[2020.08.24-21.05.54:976][  0]LogConfig: Setting CVar [[r.Streaming.AmortizeCPUToGPUCopy:0]]
[2020.08.24-21.05.54:976][  0]LogConfig: Setting CVar [[r.Streaming.MaxNumTexturesToStreamPerFrame:0]]
[2020.08.24-21.05.54:976][  0]LogConfig: Setting CVar [[r.Streaming.Boost:1]]
[2020.08.24-21.05.54:976][  0]LogConfig: Setting CVar [[r.MaxAnisotropy:8]]
[2020.08.24-21.05.54:976][  0]LogConfig: Setting CVar [[r.VT.MaxAnisotropy:8]]
[2020.08.24-21.05.54:976][  0]LogConfig: Setting CVar [[r.Streaming.LimitPoolSizeToVRAM:0]]
[2020.08.24-21.05.54:976][  0]LogConfig: Setting CVar [[r.Streaming.PoolSize:1000]]
[2020.08.24-21.05.54:976][  0]LogConfig: Setting CVar [[r.Streaming.MaxEffectiveScreenSize:0]]
[2020.08.24-21.05.54:976][  0]LogConfig: Applying CVar settings from Section [EffectsQuality@3] File [G:/TDM_FPS_PVP/Saved/Config/Windows/Scalability.ini]
[2020.08.24-21.05.54:976][  0]LogConfig: Setting CVar [[r.TranslucencyLightingVolumeDim:64]]
[2020.08.24-21.05.54:976][  0]LogConfig: Setting CVar [[r.RefractionQuality:2]]
[2020.08.24-21.05.54:976][  0]LogConfig: Setting CVar [[r.SSR.Quality:3]]
[2020.08.24-21.05.54:976][  0]LogConfig: Setting CVar [[r.SSR.HalfResSceneColor:0]]
[2020.08.24-21.05.54:976][  0]LogConfig: Setting CVar [[r.SceneColorFormat:4]]
[2020.08.24-21.05.54:976][  0]LogConfig: Setting CVar [[r.DetailMode:2]]
[2020.08.24-21.05.54:976][  0]LogConfig: Setting CVar [[r.TranslucencyVolumeBlur:1]]
[2020.08.24-21.05.54:976][  0]LogConfig: Setting CVar [[r.MaterialQualityLevel:1 ; High quality]]
[2020.08.24-21.05.54:976][  0]LogConfig: Setting CVar [[r.SSS.Scale:1]]
[2020.08.24-21.05.54:976][  0]LogConfig: Setting CVar [[r.SSS.SampleSet:2]]
[2020.08.24-21.05.54:976][  0]LogConfig: Setting CVar [[r.SSS.Quality:1]]
[2020.08.24-21.05.54:976][  0]LogConfig: Setting CVar [[r.SSS.HalfRes:0]]
[2020.08.24-21.05.54:976][  0]LogConfig: Setting CVar [[r.SSGI.Quality:3]]
[2020.08.24-21.05.54:976][  0]LogConfig: Setting CVar [[r.EmitterSpawnRateScale:1.0]]
[2020.08.24-21.05.54:976][  0]LogConfig: Setting CVar [[r.ParticleLightQuality:2]]
[2020.08.24-21.05.54:976][  0]LogConfig: Setting CVar [[r.SkyAtmosphere.AerialPerspectiveLUT.FastApplyOnOpaque:1 ; Always have FastSkyLUT 1 in this case to avoid wrong sky]]
[2020.08.24-21.05.54:976][  0]LogConfig: Setting CVar [[r.SkyAtmosphere.AerialPerspectiveLUT.SampleCountPerSlice:1]]
[2020.08.24-21.05.54:976][  0]LogConfig: Setting CVar [[r.SkyAtmosphere.AerialPerspectiveLUT.DepthResolution:16.0]]
[2020.08.24-21.05.54:976][  0]LogConfig: Setting CVar [[r.SkyAtmosphere.FastSkyLUT:1]]
[2020.08.24-21.05.54:976][  0]LogConfig: Setting CVar [[r.SkyAtmosphere.FastSkyLUT.SampleCountMin:4.0]]
[2020.08.24-21.05.54:976][  0]LogConfig: Setting CVar [[r.SkyAtmosphere.FastSkyLUT.SampleCountMax:32.0]]
[2020.08.24-21.05.54:976][  0]LogConfig: Setting CVar [[r.SkyAtmosphere.SampleCountMin:4.0]]
[2020.08.24-21.05.54:976][  0]LogConfig: Setting CVar [[r.SkyAtmosphere.SampleCountMax:32.0]]
[2020.08.24-21.05.54:976][  0]LogConfig: Setting CVar [[r.SkyAtmosphere.TransmittanceLUT.UseSmallFormat:0]]
[2020.08.24-21.05.54:976][  0]LogConfig: Setting CVar [[r.SkyAtmosphere.TransmittanceLUT.SampleCount:10.0]]
[2020.08.24-21.05.54:976][  0]LogConfig: Setting CVar [[r.SkyAtmosphere.MultiScatteringLUT.SampleCount:15.0]]
[2020.08.24-21.05.54:976][  0]LogConfig: Applying CVar settings from Section [FoliageQuality@3] File [G:/TDM_FPS_PVP/Saved/Config/Windows/Scalability.ini]
[2020.08.24-21.05.54:976][  0]LogConfig: Setting CVar [[foliage.DensityScale:1.0]]
[2020.08.24-21.05.54:976][  0]LogConfig: Setting CVar [[grass.DensityScale:1.0]]
[2020.08.24-21.05.54:977][  0]LogConfig: Applying CVar settings from Section [ShadingQuality@3] File [G:/TDM_FPS_PVP/Saved/Config/Windows/Scalability.ini]
[2020.08.24-21.05.54:977][  0]LogConfig: Setting CVar [[r.HairStrands.SkyLighting.SampleCount:16]]
[2020.08.24-21.05.54:977][  0]LogConfig: Setting CVar [[r.HairStrands.SkyLighting.JitterIntegration:0]]
[2020.08.24-21.05.54:977][  0]LogConfig: Setting CVar [[r.HairStrands.SkyAO.SampleCount:16]]
[2020.08.24-21.05.54:977][  0]LogConfig: Setting CVar [[r.HairStrands.DeepShadow.SuperSampling:0]]
[2020.08.24-21.05.54:977][  0]LogConfig: Setting CVar [[r.HairStrands.VisibilityPPLL:0]]
[2020.08.24-21.05.54:977][  0]LogConfig: Setting CVar [[r.HairStrands.RasterizationScale:0.5]]
[2020.08.24-21.05.54:977][  0]LogConfig: Setting CVar [[r.HairStrands.VelocityRasterizationScale:1]]
[2020.08.24-21.05.54:977][  0]LogConfig: Applying CVar settings from Section [Startup] File [../../../Engine/Config/ConsoleVariables.ini]
[2020.08.24-21.05.54:977][  0]LogConfig: Setting CVar [[net.UseAdaptiveNetUpdateFrequency:0]]
[2020.08.24-21.05.54:977][  0]LogConfig: Setting CVar [[p.chaos.AllowCreatePhysxBodies:1]]
[2020.08.24-21.05.54:977][  0]LogConfig: Setting CVar [[fx.SkipVectorVMBackendOptimizations:1]]
[2020.08.24-21.05.54:977][  0]LogConfig: Applying CVar settings from Section [ConsoleVariables] File [G:/TDM_FPS_PVP/Saved/Config/Windows/Engine.ini]
[2020.08.24-21.05.54:977][  0]LogInit: Computer: DESKTOP-L1GDRMJ
[2020.08.24-21.05.54:977][  0]LogInit: User: user
[2020.08.24-21.05.54:977][  0]LogInit: CPU Page size=4096, Cores=4
[2020.08.24-21.05.54:977][  0]LogInit: High frequency timer resolution =10.000000 MHz
[2020.08.24-21.05.54:977][  0]LogMemory: Memory total: Physical=16.0GB (16GB approx)
[2020.08.24-21.05.54:977][  0]LogMemory: Platform Memory Stats for Windows
[2020.08.24-21.05.54:977][  0]LogMemory: Process Physical Memory: 112.99 MB used, 112.99 MB peak
[2020.08.24-21.05.54:977][  0]LogMemory: Process Virtual Memory: 95.98 MB used, 95.98 MB peak
[2020.08.24-21.05.54:977][  0]LogMemory: Physical Memory: 8934.52 MB used,  7402.86 MB free, 16337.38 MB total
[2020.08.24-21.05.54:977][  0]LogMemory: Virtual Memory: 5143.11 MB used,  134212584.00 MB free, 134217728.00 MB total
[2020.08.24-21.05.54:986][  0]LogWindows: WindowsPlatformFeatures enabled
[2020.08.24-21.05.55:503][  0]LogInit: Physics initialised using underlying interface: PhysX
[2020.08.24-21.05.55:537][  0]LogInit: Using OS detected language (en-US).
[2020.08.24-21.05.55:537][  0]LogInit: Using OS detected locale (en-US).
[2020.08.24-21.05.55:687][  0]LogTextLocalizationManager: No specific localization for 'en-US' exists, so the 'en' localization will be used.
[2020.08.24-21.05.56:624][  0]LogInit: Setting process to per monitor DPI aware
[2020.08.24-21.05.56:900][  0]LogSlate: New Slate User Created.  User Index 0, Is Virtual User: 0
[2020.08.24-21.05.56:900][  0]LogSlate: Slate User Registered.  User Index 0, Is Virtual User: 0
[2020.08.24-21.06.00:426][  0]LogHMD: Failed to initialize OpenVR with code 110
[2020.08.24-21.06.00:426][  0]LogD3D11RHI: D3D11 min allowed feature level: 11_0
[2020.08.24-21.06.00:426][  0]LogD3D11RHI: D3D11 max allowed feature level: 11_0
[2020.08.24-21.06.00:426][  0]LogD3D11RHI: D3D11 adapters:
[2020.08.24-21.06.00:542][  0]LogD3D11RHI:    0. 'NVIDIA GeForce GTX 1060 3GB' (Feature Level 11_0)
[2020.08.24-21.06.00:542][  0]LogD3D11RHI:       2988/0/8168 MB DedicatedVideo/DedicatedSystem/SharedSystem, Outputs:2, VendorId:0x10de
[2020.08.24-21.06.00:547][  0]LogD3D11RHI:    1. 'Microsoft Basic Render Driver' (Feature Level 11_0)
[2020.08.24-21.06.00:547][  0]LogD3D11RHI:       0/0/8168 MB DedicatedVideo/DedicatedSystem/SharedSystem, Outputs:0, VendorId:0x1414
[2020.08.24-21.06.00:547][  0]LogD3D11RHI: Chosen D3D11 Adapter: 0
[2020.08.24-21.06.00:557][  0]LogD3D11RHI: Creating new Direct3DDevice
[2020.08.24-21.06.00:557][  0]LogD3D11RHI:     GPU DeviceId: 0x1c02 (for the marketing name, search the web for "GPU Device Id")
[2020.08.24-21.06.00:557][  0]LogWindows: EnumDisplayDevices:
[2020.08.24-21.06.00:557][  0]LogWindows:    0. 'NVIDIA GeForce GTX 1060 3GB' (P:1 D:1)
[2020.08.24-21.06.00:558][  0]LogWindows:    1. 'NVIDIA GeForce GTX 1060 3GB' (P:0 D:1)
[2020.08.24-21.06.00:558][  0]LogWindows:    2. 'NVIDIA GeForce GTX 1060 3GB' (P:0 D:0)
[2020.08.24-21.06.00:559][  0]LogWindows:    3. 'NVIDIA GeForce GTX 1060 3GB' (P:0 D:0)
[2020.08.24-21.06.00:559][  0]LogWindows: DebugString: FoundDriverCount:4 
[2020.08.24-21.06.00:559][  0]LogD3D11RHI:     Adapter Name: NVIDIA GeForce GTX 1060 3GB
[2020.08.24-21.06.00:559][  0]LogD3D11RHI:   Driver Version: 451.67 (internal:27.21.14.5167, unified:451.67)
[2020.08.24-21.06.00:559][  0]LogD3D11RHI:      Driver Date: 7-5-2020
[2020.08.24-21.06.00:559][  0]LogRHI: Texture pool is 2091 MB (70% of 2988 MB)
[2020.08.24-21.06.00:630][  0]LogD3D11RHI: RHI has support for 64 bit atomics
[2020.08.24-21.06.00:632][  0]LogD3D11RHI: [Aftermath] Enabled and primed
[2020.08.24-21.06.00:632][  0]LogD3D11RHI: Async texture creation enabled
[2020.08.24-21.06.00:633][  0]LogD3D11RHI: Array index from any shader is supported
[2020.08.24-21.06.00:677][  0]LogD3D11RHI: GPU Timing Frequency: 1000.000000 (Debug: 2 1)
[2020.08.24-21.06.01:826][  0]LogTargetPlatformManager: Display: Loaded TargetPlatform 'AllDesktop'
[2020.08.24-21.06.01:871][  0]LogTargetPlatformManager: Display: Loaded TargetPlatform 'Android'
[2020.08.24-21.06.01:871][  0]LogTargetPlatformManager: Display: Loaded TargetPlatform 'Android_ASTC'
[2020.08.24-21.06.01:871][  0]LogTargetPlatformManager: Display: Loaded TargetPlatform 'Android_DXT'
[2020.08.24-21.06.01:871][  0]LogTargetPlatformManager: Display: Loaded TargetPlatform 'Android_ETC2'
[2020.08.24-21.06.01:871][  0]LogTargetPlatformManager: Display: Loaded TargetPlatform 'AndroidClient'
[2020.08.24-21.06.01:871][  0]LogTargetPlatformManager: Display: Loaded TargetPlatform 'Android_ASTCClient'
[2020.08.24-21.06.01:871][  0]LogTargetPlatformManager: Display: Loaded TargetPlatform 'Android_DXTClient'
[2020.08.24-21.06.01:871][  0]LogTargetPlatformManager: Display: Loaded TargetPlatform 'Android_ETC2Client'
[2020.08.24-21.06.01:871][  0]LogTargetPlatformManager: Display: Loaded TargetPlatform 'Android_Multi'
[2020.08.24-21.06.01:871][  0]LogTargetPlatformManager: Display: Loaded TargetPlatform 'Android_MultiClient'
[2020.08.24-21.06.02:096][  0]LogTargetPlatformManager: Display: Loaded TargetPlatform 'IOSClient'
[2020.08.24-21.06.02:096][  0]LogTargetPlatformManager: Display: Loaded TargetPlatform 'IOS'
[2020.08.24-21.06.02:167][  0]LogTargetPlatformManager: Display: Loaded TargetPlatform 'Linux'
[2020.08.24-21.06.02:207][  0]LogTargetPlatformManager: Display: Loaded TargetPlatform 'LinuxNoEditor'
[2020.08.24-21.06.02:247][  0]LogTargetPlatformManager: Display: Loaded TargetPlatform 'LinuxClient'
[2020.08.24-21.06.02:299][  0]LogTargetPlatformManager: Display: Loaded TargetPlatform 'LinuxServer'
[2020.08.24-21.06.02:331][  0]LogTargetPlatformManager: Display: Loaded TargetPlatform 'LinuxAArch64NoEditor'
[2020.08.24-21.06.02:348][  0]LogTargetPlatformManager: Display: Loaded TargetPlatform 'LinuxAArch64Client'
[2020.08.24-21.06.02:364][  0]LogTargetPlatformManager: Display: Loaded TargetPlatform 'LinuxAArch64Server'
[2020.08.24-21.06.02:423][  0]LogTargetPlatformManager: Display: Loaded TargetPlatform 'Lumin'
[2020.08.24-21.06.02:423][  0]LogTargetPlatformManager: Display: Loaded TargetPlatform 'LuminClient'
[2020.08.24-21.06.02:475][  0]LogTargetPlatformManager: Display: Loaded TargetPlatform 'TVOSClient'
[2020.08.24-21.06.02:475][  0]LogTargetPlatformManager: Display: Loaded TargetPlatform 'TVOS'
[2020.08.24-21.06.02:492][  0]LogTargetPlatformManager: Display: Loaded TargetPlatform 'WindowsNoEditor'
[2020.08.24-21.06.02:585][  0]LogTargetPlatformManager: Display: Loaded TargetPlatform 'Windows'
[2020.08.24-21.06.02:611][  0]LogTargetPlatformManager: Display: Loaded TargetPlatform 'WindowsClient'
[2020.08.24-21.06.02:627][  0]LogTargetPlatformManager: Display: Loaded TargetPlatform 'WindowsServer'
[2020.08.24-21.06.02:627][  0]LogTargetPlatformManager: Display: Building Assets For Windows
[2020.08.24-21.06.02:748][  0]LogAudioDebug: Display: Lib vorbis DLL was dynamically loaded.
[2020.08.24-21.06.03:267][  0]LogShaderCompilers: Guid format shader working directory is 30 characters bigger than the processId version (G:/TDM_FPS_PVP/Intermediate/Shaders/WorkingDirectory/18892/).
[2020.08.24-21.06.03:267][  0]LogShaderCompilers: Cleaned the shader compiler working directory 'C:/Users/user/AppData/Local/Temp/UnrealShaderWorkingDir/A32FD4344775BE7ED37D9693B0DBA44D/'.
[2020.08.24-21.06.03:282][  0]LogXGEController: Cannot use XGE Controller as Incredibuild is not installed on this machine.
[2020.08.24-21.06.03:283][  0]LogShaderCompilers: Cannot use XGE Shader Compiler as Incredibuild is not installed on this machine.
[2020.08.24-21.06.03:283][  0]LogShaderCompilers: Display: Using Local Shader Compiler.
[2020.08.24-21.06.07:606][  0]LogDerivedDataCache: Display: Max Cache Size: 512 MB
[2020.08.24-21.06.08:014][  0]LogDerivedDataCache: Loaded boot cache 0.41s 75MB C:/Users/user/AppData/Local/UnrealEngine/4.25/DerivedDataCache/Boot.ddc.
[2020.08.24-21.06.08:014][  0]LogDerivedDataCache: Display: Loaded Boot cache: C:/Users/user/AppData/Local/UnrealEngine/4.25/DerivedDataCache/Boot.ddc
[2020.08.24-21.06.08:014][  0]LogDerivedDataCache: FDerivedDataBackendGraph:  Pak pak cache file G:/TDM_FPS_PVP/DerivedDataCache/DDC.ddp not found, will not use a pak cache.
[2020.08.24-21.06.08:014][  0]LogDerivedDataCache: Unable to find inner node Pak for hierarchical cache Hierarchy.
[2020.08.24-21.06.08:014][  0]LogDerivedDataCache: FDerivedDataBackendGraph:  CompressedPak pak cache file G:/TDM_FPS_PVP/DerivedDataCache/Compressed.ddp not found, will not use a pak cache.
[2020.08.24-21.06.08:015][  0]LogDerivedDataCache: Unable to find inner node CompressedPak for hierarchical cache Hierarchy.
[2020.08.24-21.06.08:030][  0]LogDerivedDataCache: Display: Pak cache opened for reading ../../../Engine/DerivedDataCache/Compressed.ddp.
[2020.08.24-21.06.08:030][  0]LogDerivedDataCache: FDerivedDataBackendGraph:  EnterprisePak pak cache file ../../../Enterprise/DerivedDataCache/Compressed.ddp not found, will not use a pak cache.
[2020.08.24-21.06.08:030][  0]LogDerivedDataCache: Unable to find inner node EnterprisePak for hierarchical cache Hierarchy.
[2020.08.24-21.06.08:032][  0]LogDerivedDataCache: Using Local data cache path C:/Users/user/AppData/Local/UnrealEngine/Common/DerivedDataCache: Writable
[2020.08.24-21.06.08:032][  0]LogDerivedDataCache: Shared data cache path not found in *engine.ini, will not use an Shared cache.
[2020.08.24-21.06.08:032][  0]LogDerivedDataCache: Unable to find inner node Shared for hierarchical cache Hierarchy.
[2020.08.24-21.06.08:112][  0]LogSlate: Using FreeType 2.10.0
[2020.08.24-21.06.08:190][  0]LogSlate: SlateFontServices - WITH_FREETYPE: 1, WITH_HARFBUZZ: 1
[2020.08.24-21.06.08:744][  0]LogAssetRegistry: FAssetRegistry took 0.0061 seconds to start up
[2020.08.24-21.06.09:192][  0]LogInit: Selected Device Profile: [Windows]
[2020.08.24-21.06.10:052][  0]LogMeshReduction: Using QuadricMeshReduction for automatic static mesh reduction
[2020.08.24-21.06.10:052][  0]LogMeshReduction: Using SimplygonMeshReduction for automatic skeletal mesh reduction
[2020.08.24-21.06.10:052][  0]LogMeshReduction: Using ProxyLODMeshReduction for automatic mesh merging
[2020.08.24-21.06.10:052][  0]LogMeshReduction: No distributed automatic mesh merging module available
[2020.08.24-21.06.10:052][  0]LogMeshMerging: No distributed automatic mesh merging module available
[2020.08.24-21.06.10:091][  0]LogNetVersion: TDM_FPS_PVP 1.0.0, NetCL: 13144385, EngineNetVer: 14, GameNetVer: 0 (Checksum: 3130369997)
[2020.08.24-21.06.27:196][  0]LogAISub: UAISubsystem::UAISubsystem AISubsystem (00000276F907A9C0), frame # 0
[2020.08.24-21.06.27:196][  0]LogAISub: UAISubsystem::UAISubsystem AIPerceptionSystem (00000276F8F60680), frame # 0
[2020.08.24-21.06.27:198][  0]LogAISub: UAISubsystem::UAISubsystem EnvQueryManager (00000276F8F89C00), frame # 0
[2020.08.24-21.06.27:265][  0]LogPackageLocalizationCache: Processed 19 localized package path(s) for 1 prioritized culture(s) in 0.059867 seconds
[2020.08.24-21.06.27:270][  0]LogUObjectArray: 15917 objects as part of root set at end of initial load.
[2020.08.24-21.06.27:270][  0]LogUObjectAllocator: 3965568 out of 0 bytes used by permanent object pool.
[2020.08.24-21.06.27:270][  0]LogUObjectArray: CloseDisregardForGC: 0/0 objects in disregard for GC pool
[2020.08.24-21.06.30:834][  0]LogTcpMessaging: Initializing TcpMessaging bridge
[2020.08.24-21.06.30:882][  0]LogUdpMessaging: Initializing bridge on interface 0.0.0.0:0 to multicast group 230.0.0.1:6666.
[2020.08.24-21.06.31:502][  0]SourceControl: Source control is disabled
[2020.08.24-21.06.31:502][  0]SourceControl: Source control is disabled
[2020.08.24-21.06.31:557][  0]SourceControl: Source control is disabled
[2020.08.24-21.06.31:581][  0]SourceControl: Source control is disabled
[2020.08.24-21.06.31:624][  0]SourceControl: Source control is disabled
[2020.08.24-21.06.34:162][  0]LogAndroidPermission: UAndroidPermissionCallbackProxy::GetInstance
[2020.08.24-21.06.34:349][  0]LogAudioCaptureCore: Display: No Audio Capture implementations found. Audio input will be silent.
[2020.08.24-21.06.34:349][  0]LogAudioCaptureCore: Display: No Audio Capture implementations found. Audio input will be silent.
[2020.08.24-21.06.34:680][  0]LogOcInput: OculusInput pre-init called
[2020.08.24-21.06.34:778][  0]LogWindows: Failed to load 'OVRPlugin.dll' (GetLastError=126)
[2020.08.24-21.06.34:778][  0]LogWindows: File 'OVRPlugin.dll' does not exist
[2020.08.24-21.06.35:031][  0]LogEngine: Initializing Engine...
[2020.08.24-21.06.35:035][  0]LogHMD: Failed to initialize OpenVR with code 110
[2020.08.24-21.06.35:035][  0]LogMagicLeap: Warning: VR disabled because ZI is not enabled.  To enable, in the editor, Edit -> Project Settings -> Plugins -> Magic Leap Plugin -> Enable Zero Iteration
[2020.08.24-21.06.35:038][  0]LogStats: UGameplayTagsManager::InitializeManager -  0.000 s
[2020.08.24-21.06.35:325][  0]LogInit: Initializing FReadOnlyCVARCache
[2020.08.24-21.06.35:466][  0]LogAIModule: Creating AISystem for world Untitled
[2020.08.24-21.06.35:466][  0]LogAISub: UAISubsystem::UAISubsystem EnvQueryManager (00000276FB7F8600), frame # 0
[2020.08.24-21.06.35:466][  0]LogAISub: UAISubsystem::UAISubsystem AIPerceptionSystem (00000276FB7F5BC0), frame # 0
[2020.08.24-21.06.35:496][  0]LogAudioMixer: Display: Audio Mixer Platform Settings:
[2020.08.24-21.06.35:496][  0]LogAudioMixer: Display: 	Sample Rate:						  48000
[2020.08.24-21.06.35:496][  0]LogAudioMixer: Display: 	Callback Buffer Frame Size Requested: 1024
[2020.08.24-21.06.35:496][  0]LogAudioMixer: Display: 	Callback Buffer Frame Size To Use:	  1024
[2020.08.24-21.06.35:496][  0]LogAudioMixer: Display: 	Number of buffers to queue:			  2
[2020.08.24-21.06.35:496][  0]LogAudioMixer: Display: 	Max Channels (voices):				  32
[2020.08.24-21.06.35:496][  0]LogAudioMixer: Display: 	Number of Async Source Workers:		  0
[2020.08.24-21.06.35:496][  0]LogAudio: Display: AudioDevice MaxSources: 32
[2020.08.24-21.06.35:497][  0]LogAudio: Display: Using built-in audio occlusion.
[2020.08.24-21.06.35:497][  0]LogAudioMixer: Display: Initializing audio mixer.
[2020.08.24-21.06.35:563][  0]LogAudioMixer: Display: 0: FrontLeft
[2020.08.24-21.06.35:564][  0]LogAudioMixer: Display: 1: FrontRight
[2020.08.24-21.06.35:607][  0]LogAudioMixer: Display: Using Audio Device Headphones (High Definition Audio Device)
[2020.08.24-21.06.35:610][  0]LogAudioMixer: Display: Initializing Sound Submixes...
[2020.08.24-21.06.35:613][  0]LogAudioMixer: Display: Creating Master Submix 'MasterSubmixDefault'
[2020.08.24-21.06.35:613][  0]LogAudioMixer: Display: Creating Master Submix 'MasterReverbSubmixDefault'
[2020.08.24-21.06.35:614][  0]LogAudioMixer: Display: Creating Master Submix 'MasterEQSubmixDefault'
[2020.08.24-21.06.35:615][  0]LogInit: FAudioDevice initialized.
[2020.08.24-21.06.35:615][  0]LogNetVersion: Set ProjectVersion to 1.0.0.0. Version Checksum will be recalculated on next use.
[2020.08.24-21.06.35:773][  0]LogDerivedDataCache: Saved boot cache 0.16s 75MB C:/Users/user/AppData/Local/UnrealEngine/4.25/DerivedDataCache/Boot.ddc.
[2020.08.24-21.06.35:778][  0]LogInit: Texture streaming: Enabled
[2020.08.24-21.06.36:214][  0]LogEngineSessionManager: EngineSessionManager initialized
[2020.08.24-21.06.36:214][  0]LogEditorSessionSummary: Verbose: Initializing EditorSessionSummaryWriter for editor session tracking
[2020.08.24-21.06.36:217][  0]LogEditorSessionSummary: EditorSessionSummaryWriter initialized
[2020.08.24-21.06.36:441][  0]LogInit: Transaction tracking system initialized
[2020.08.24-21.06.37:079][  0]BlueprintLog: New page: Editor Load
[2020.08.24-21.06.38:018][  0]LocalizationService: Localization service is disabled
[2020.08.24-21.06.39:529][  0]LogCook: Display: Max memory allowance for cook 16384mb min free memory 0mb
[2020.08.24-21.06.39:529][  0]LogCook: Display: Mobile HDR setting 1
[2020.08.24-21.06.40:295][  0]LogFileCache: Scanning file cache for directory 'G:/TDM_FPS_PVP/Content/' took 0.01s
[2020.08.24-21.06.42:133][  0]SourceControl: Source control is disabled
[2020.08.24-21.06.42:133][  0]LogUnrealEdMisc: Loading editor; pre map load, took 70.423
[2020.08.24-21.06.42:133][  0]Cmd: MAP LOAD FILE="G:/TDM_FPS_PVP/Content/ThirdPersonBP/Maps/ThirdPersonExampleMap.umap" TEMPLATE=0 SHOWPROGRESS=1 FEATURELEVEL=3
[2020.08.24-21.06.42:173][  0]LightingResults: New page: Lighting Build
[2020.08.24-21.06.42:284][  0]LogWorld: UWorld::CleanupWorld for Untitled, bSessionEnded=true, bCleanupResources=true
[2020.08.24-21.06.42:284][  0]LogSlate: InvalidateAllWidgets triggered.  All widgets were invalidated
[2020.08.24-21.06.42:285][  0]MapCheck: New page: Map Check
[2020.08.24-21.06.42:285][  0]LightingResults: New page: Lighting Build
[2020.08.24-21.06.42:293][  0]LogAISub: UAISubsystem::~UAISubsystem EnvQueryManager (00000276FB7F8600), frame # 0
[2020.08.24-21.06.42:293][  0]LogAISub: UAISubsystem::~UAISubsystem AIPerceptionSystem (00000276FB7F5BC0), frame # 0
[2020.08.24-21.06.42:294][  0]LogUObjectHash: Compacting FUObjectHashTables data took   0.79ms
[2020.08.24-21.06.44:449][  0]LogBlueprint: Warning: [Compiler ThirdPersonCharacter] InputAction Event references unknown Action 'Prone' for  InputAction Prone
[2020.08.24-21.06.44:451][  0]LogBlueprint: Warning: [Compiler ThirdPersonCharacter] InputAction Event references unknown Action 'Grenade' for  InputAction Grenade
[2020.08.24-21.06.44:453][  0]LogBlueprint: Warning: [Compiler ThirdPersonCharacter] InputAction Event references unknown Action 'Select Secondary' for  InputAction Select Secondary
[2020.08.24-21.06.44:453][  0]LogBlueprint: Warning: [Compiler ThirdPersonCharacter] InputAction Event references unknown Action 'Select Primary' for  InputAction Select Primary
[2020.08.24-21.06.44:455][  0]LogBlueprint: Warning: [Compiler ThirdPersonCharacter] InputAction Event references unknown Action 'Reload' for  InputAction Reload
[2020.08.24-21.06.44:456][  0]LogBlueprint: Warning: [Compiler ThirdPersonCharacter] InputAction Event references unknown Action 'Aim down sight' for  InputAction Aim down sight
[2020.08.24-21.06.44:456][  0]LogBlueprint: Warning: [Compiler ThirdPersonCharacter] InputAction Event references unknown Action 'Sprint' for  InputAction Sprint
[2020.08.24-21.06.44:457][  0]LogBlueprint: Warning: [Compiler ThirdPersonCharacter] InputAction Event references unknown Action 'Crouch' for  InputAction Crouch
[2020.08.24-21.06.44:457][  0]LogBlueprint: Warning: [Compiler ThirdPersonCharacter] InputAction Event references unknown Action 'Primary Fire' for  InputAction Primary Fire
[2020.08.24-21.06.46:432][  0]LogAIModule: Creating AISystem for world ThirdPersonExampleMap
[2020.08.24-21.06.46:432][  0]LogAISub: UAISubsystem::UAISubsystem EnvQueryManager (000002768F95B000), frame # 0
[2020.08.24-21.06.46:432][  0]LogAISub: UAISubsystem::UAISubsystem AIPerceptionSystem (00000276867A8180), frame # 0
[2020.08.24-21.06.46:594][  0]LogEditorServer: Finished looking for orphan Actors (0.000 secs)
[2020.08.24-21.06.46:673][  0]LogUObjectHash: Compacting FUObjectHashTables data took   1.14ms
[2020.08.24-21.06.46:674][  0]Cmd: MAP CHECKDEP NOCLEARLOG
[2020.08.24-21.06.46:674][  0]MapCheck: Map check complete: 0 Error(s), 0 Warning(s), took 0.105ms to complete.
[2020.08.24-21.06.46:674][  0]LogFileHelpers: Loading map 'ThirdPersonExampleMap' took 4.542
[2020.08.24-21.06.46:676][  0]LogUnrealEdMisc: Total Editor Startup Time, took 74.967
[2020.08.24-21.06.47:082][  0]LogSlate: Updating window title bar state: overlay mode, drag disabled, window buttons hidden, title bar hidden
[2020.08.24-21.06.47:096][  0]LogSlate: Updating window title bar state: overlay mode, drag disabled, window buttons hidden, title bar hidden
[2020.08.24-21.06.47:106][  0]LogSlate: Updating window title bar state: overlay mode, drag disabled, window buttons hidden, title bar hidden
[2020.08.24-21.06.47:117][  0]LogSlate: Updating window title bar state: overlay mode, drag disabled, window buttons hidden, title bar hidden
[2020.08.24-21.06.47:159][  0]LogCollectionManager: Loaded 0 collections in 0.002329 seconds
[2020.08.24-21.06.47:220][  0]LogFileCache: Scanning file cache for directory 'G:/TDM_FPS_PVP/Saved/Collections/' took 0.00s
[2020.08.24-21.06.47:220][  0]LogFileCache: Scanning file cache for directory 'G:/TDM_FPS_PVP/Content/Developers/user/Collections/' took 0.00s
[2020.08.24-21.06.47:220][  0]LogFileCache: Scanning file cache for directory 'G:/TDM_FPS_PVP/Content/Collections/' took 0.00s
[2020.08.24-21.06.47:221][  0]LogContentBrowser: Native class hierarchy populated in 0.0255 seconds. Added 3427 classes and 821 folders.
[2020.08.24-21.06.47:315][  0]LogContentBrowser: Native class hierarchy updated for 'WidgetCarousel' in 0.0005 seconds. Added 0 classes and 0 folders.
[2020.08.24-21.06.49:257][  0]LogContentBrowser: Native class hierarchy updated for 'AddContentDialog' in 0.0006 seconds. Added 0 classes and 0 folders.
[2020.08.24-21.06.49:259][  0]LogContentBrowser: Native class hierarchy updated for 'SceneOutliner' in 0.0005 seconds. Added 2 classes and 0 folders.
[2020.08.24-21.06.49:346][  0]LogSlate: Took 0.025078 seconds to synchronously load lazily loaded font '../../../Engine/Content/Slate/Fonts/Roboto-Regular.ttf' (155K)
[2020.08.24-21.06.49:514][  0]LogSlate: Took 0.165829 seconds to synchronously load lazily loaded font '../../../Engine/Content/Slate/Fonts/Roboto-Bold.ttf' (160K)
[2020.08.24-21.06.49:542][  0]LogSlate: Took 0.020793 seconds to synchronously load lazily loaded font '../../../Engine/Content/Editor/Slate/Fonts/FontAwesome.ttf' (139K)
[2020.08.24-21.06.50:010][  0]LogRenderer: Reallocating scene render targets to support 256x256 Format 10 NumSamples 1 (Frame:1).
[2020.08.24-21.06.50:216][  0]LogRenderer: Reallocating scene render targets to support 1228x636 Format 10 NumSamples 1 (Frame:1).
[2020.08.24-21.06.50:297][  0]LogSlate: Took 0.022338 seconds to synchronously load lazily loaded font '../../../Engine/Content/Slate/Fonts/Roboto-Light.ttf' (167K)
[2020.08.24-21.06.50:466][  0]LogContentBrowser: Native class hierarchy updated for 'HierarchicalLODOutliner' in 0.0003 seconds. Added 0 classes and 0 folders.
[2020.08.24-21.06.50:466][  0]LogLoad: (Engine Initialization) Total time: 78.76 seconds
[2020.08.24-21.06.50:466][  0]LogLoad: (Engine Initialization) Total Blueprint compile time: 0.00 seconds
[2020.08.24-21.06.50:527][  0]LogContentStreaming: Texture pool size now 1000 MB
[2020.08.24-21.06.50:684][  1]LogAssetRegistry: Asset discovery search completed in 41.9419 seconds
[2020.08.24-21.06.50:688][  1]LogCollectionManager: Fixed up redirectors for 0 collections in 0.000003 seconds (updated 0 objects)
[2020.08.24-21.08.00:027][452]LogEditorViewport: Clicking on Actor (LMB): StaticMeshActor (Floor)
[2020.08.24-21.08.01:315][452]LogUObjectHash: Compacting FUObjectHashTables data took   0.76ms
[2020.08.24-21.08.03:123][557]LogEditorViewport: Clicking on Actor (LMB): StaticMeshActor (Floor)
[2020.08.24-21.08.03:824][617]LogUObjectHash: Compacting FUObjectHashTables data took   0.33ms
[2020.08.24-21.08.05:209][745]LogUObjectHash: Compacting FUObjectHashTables data took   0.30ms
[2020.08.24-21.17.49:206][507]LogTemp: Repeating last play command: Selected Viewport
[2020.08.24-21.17.49:612][507]LogPlayLevel: PlayLevel: No blueprints needed recompiling
[2020.08.24-21.17.49:697][507]PIE: New page: PIE session: ThirdPersonExampleMap (Aug 24, 2020, 7:17:49 AM)
[2020.08.24-21.17.49:774][507]LogOnline: OSS: Creating online subsystem instance for: NULL
[2020.08.24-21.17.49:831][507]LogOnline: OSS: TryLoadSubsystemAndSetDefault: Loaded subsystem for module [NULL]
[2020.08.24-21.17.49:940][507]LogPlayLevel: Creating play world package: /Game/ThirdPersonBP/Maps/UEDPIE_0_ThirdPersonExampleMap
[2020.08.24-21.17.50:101][507]LogPlayLevel: PIE: StaticDuplicateObject took: (0.161209s)
[2020.08.24-21.17.50:165][507]LogAIModule: Creating AISystem for world ThirdPersonExampleMap
[2020.08.24-21.17.50:165][507]LogAISub: UAISubsystem::UAISubsystem EnvQueryManager (00000276B78C7E00), frame # 3507
[2020.08.24-21.17.50:165][507]LogAISub: UAISubsystem::UAISubsystem AIPerceptionSystem (00000276BBD36E80), frame # 3507
[2020.08.24-21.17.50:166][507]LogPlayLevel: PIE: World Init took: (0.064272s)
[2020.08.24-21.17.50:177][507]LogPlayLevel: PIE: Created PIE world by copying editor world from /Game/ThirdPersonBP/Maps/ThirdPersonExampleMap.ThirdPersonExampleMap to /Game/ThirdPersonBP/Maps/UEDPIE_0_ThirdPersonExampleMap.ThirdPersonExampleMap (0.237301s)
[2020.08.24-21.17.50:210][507]LogUObjectHash: Compacting FUObjectHashTables data took   0.93ms
[2020.08.24-21.17.50:219][507]LogAudioMixer: Display: Audio Mixer Platform Settings:
[2020.08.24-21.17.50:220][507]LogAudioMixer: Display: 	Sample Rate:						  48000
[2020.08.24-21.17.50:220][507]LogAudioMixer: Display: 	Callback Buffer Frame Size Requested: 1024
[2020.08.24-21.17.50:220][507]LogAudioMixer: Display: 	Callback Buffer Frame Size To Use:	  1024
[2020.08.24-21.17.50:220][507]LogAudioMixer: Display: 	Number of buffers to queue:			  2
[2020.08.24-21.17.50:220][507]LogAudioMixer: Display: 	Max Channels (voices):				  32
[2020.08.24-21.17.50:220][507]LogAudioMixer: Display: 	Number of Async Source Workers:		  0
[2020.08.24-21.17.50:220][507]LogAudio: Display: AudioDevice MaxSources: 32
[2020.08.24-21.17.50:220][507]LogAudio: Display: Using built-in audio occlusion.
[2020.08.24-21.17.50:220][507]LogAudioMixer: Display: Initializing audio mixer.
[2020.08.24-21.17.50:226][507]LogAudioMixer: Display: 0: FrontLeft
[2020.08.24-21.17.50:226][507]LogAudioMixer: Display: 1: FrontRight
[2020.08.24-21.17.50:251][507]LogAudioMixer: Display: Using Audio Device Headphones (High Definition Audio Device)
[2020.08.24-21.17.50:252][507]LogAudioMixer: Display: Initializing Sound Submixes...
[2020.08.24-21.17.50:252][507]LogAudioMixer: Display: Creating Master Submix 'MasterSubmixDefault'
[2020.08.24-21.17.50:252][507]LogAudioMixer: Display: Creating Master Submix 'MasterReverbSubmixDefault'
[2020.08.24-21.17.50:252][507]LogAudioMixer: Display: Creating Master Submix 'MasterEQSubmixDefault'
[2020.08.24-21.17.50:267][507]LogInit: FAudioDevice initialized.
[2020.08.24-21.17.50:393][507]LogLoad: Game class is 'ThirdPersonGameMode_C'
[2020.08.24-21.17.50:930][507]LogWorld: Bringing World /Game/ThirdPersonBP/Maps/UEDPIE_0_ThirdPersonExampleMap.ThirdPersonExampleMap up for play (max tick rate 0) at 2020.08.24-14.17.50
[2020.08.24-21.17.50:967][507]LogWorld: Bringing up level for play took: 0.053444
[2020.08.24-21.17.50:968][507]LogOnline: OSS: Creating online subsystem instance for: :Context_4
[2020.08.24-21.17.51:641][507]LogContentBrowser: Native class hierarchy updated for 'MovieSceneCapture' in 0.0007 seconds. Added 20 classes and 0 folders.
[2020.08.24-21.17.52:279][507]PIE: Warning: The widget 'WBCrosshair_C' was already added to the screen.
[2020.08.24-21.17.52:371][507]PIE: Server logged in
[2020.08.24-21.17.52:375][507]PIE: Play in editor total start time 3.116 seconds.
[2020.08.24-21.17.59:156][951]LogSlate: Updating window title bar state: overlay mode, drag disabled, window buttons hidden, title bar hidden
[2020.08.24-21.17.59:156][951]LogWorld: BeginTearingDown for /Game/ThirdPersonBP/Maps/UEDPIE_0_ThirdPersonExampleMap
[2020.08.24-21.17.59:156][951]LogWorld: UWorld::CleanupWorld for ThirdPersonExampleMap, bSessionEnded=true, bCleanupResources=true
[2020.08.24-21.17.59:157][951]LogSlate: InvalidateAllWidgets triggered.  All widgets were invalidated
[2020.08.24-21.17.59:167][951]LogPlayLevel: Display: Shutting down PIE online subsystems
[2020.08.24-21.17.59:222][951]LogSlate: InvalidateAllWidgets triggered.  All widgets were invalidated
[2020.08.24-21.17.59:230][951]LogSlate: Updating window title bar state: overlay mode, drag disabled, window buttons hidden, title bar hidden
[2020.08.24-21.17.59:286][951]LogAISub: UAISubsystem::~UAISubsystem AIPerceptionSystem (00000276BBD36E80), frame # 3951
[2020.08.24-21.17.59:286][951]LogAISub: UAISubsystem::~UAISubsystem EnvQueryManager (00000276B78C7E00), frame # 3951
[2020.08.24-21.17.59:288][951]LogUObjectHash: Compacting FUObjectHashTables data took   0.95ms
[2020.08.24-21.17.59:431][951]LogSlate: Took 0.082170 seconds to synchronously load lazily loaded font '../../../Engine/Content/Slate/Fonts/DroidSansMono.ttf' (77K)
[2020.08.24-21.17.59:446][952]LogPlayLevel: Display: Destroying online subsystem :Context_4
[2020.08.24-21.18.18:551][394]LogSlate: Took 0.000322 seconds to synchronously load lazily loaded font '../../../Engine/Content/Slate/Fonts/Roboto-Light.ttf' (167K)
[2020.08.24-21.30.27:378][ 79]LogEditorViewport: Clicking on Actor (context menu): StaticMeshActor (Floor)
[2020.08.24-21.30.29:367][133]LogEditorViewport: Clicking on Actor (LMB): StaticMeshActor (Floor)
[2020.08.24-21.32.48:863][963]LogAudioMixer: Display: Audio Buffer Underrun detected.
[2020.08.24-21.44.30:059][570]LogTemp: Repeating last play command: Selected Viewport
[2020.08.24-21.44.30:073][570]LogPlayLevel: PlayLevel: No blueprints needed recompiling
[2020.08.24-21.44.30:073][570]PIE: New page: PIE session: ThirdPersonExampleMap (Aug 24, 2020, 7:44:30 AM)
[2020.08.24-21.44.30:095][570]LogPlayLevel: Creating play world package: /Game/ThirdPersonBP/Maps/UEDPIE_0_ThirdPersonExampleMap
[2020.08.24-21.44.30:108][570]LogPlayLevel: PIE: StaticDuplicateObject took: (0.012944s)
[2020.08.24-21.44.30:110][570]LogAIModule: Creating AISystem for world ThirdPersonExampleMap
[2020.08.24-21.44.30:110][570]LogAISub: UAISubsystem::UAISubsystem EnvQueryManager (000002769801EA00), frame # 10570
[2020.08.24-21.44.30:239][570]LogAISub: UAISubsystem::UAISubsystem AIPerceptionSystem (00000276866E5BC0), frame # 10570
[2020.08.24-21.44.30:239][570]LogPlayLevel: PIE: World Init took: (0.130964s)
[2020.08.24-21.44.30:239][570]LogPlayLevel: PIE: Created PIE world by copying editor world from /Game/ThirdPersonBP/Maps/ThirdPersonExampleMap.ThirdPersonExampleMap to /Game/ThirdPersonBP/Maps/UEDPIE_0_ThirdPersonExampleMap.ThirdPersonExampleMap (0.144124s)
[2020.08.24-21.44.30:277][570]LogUObjectHash: Compacting FUObjectHashTables data took   0.85ms
[2020.08.24-21.44.30:280][570]LogAudioMixer: Display: Audio Mixer Platform Settings:
[2020.08.24-21.44.30:280][570]LogAudioMixer: Display: 	Sample Rate:						  48000
[2020.08.24-21.44.30:280][570]LogAudioMixer: Display: 	Callback Buffer Frame Size Requested: 1024
[2020.08.24-21.44.30:280][570]LogAudioMixer: Display: 	Callback Buffer Frame Size To Use:	  1024
[2020.08.24-21.44.30:280][570]LogAudioMixer: Display: 	Number of buffers to queue:			  2
[2020.08.24-21.44.30:280][570]LogAudioMixer: Display: 	Max Channels (voices):				  32
[2020.08.24-21.44.30:280][570]LogAudioMixer: Display: 	Number of Async Source Workers:		  0
[2020.08.24-21.44.30:280][570]LogAudio: Display: AudioDevice MaxSources: 32
[2020.08.24-21.44.30:281][570]LogAudio: Display: Using built-in audio occlusion.
[2020.08.24-21.44.30:281][570]LogAudioMixer: Display: Initializing audio mixer.
[2020.08.24-21.44.30:334][570]LogAudioMixer: Display: 0: FrontLeft
[2020.08.24-21.44.30:334][570]LogAudioMixer: Display: 1: FrontRight
[2020.08.24-21.44.30:356][570]LogAudioMixer: Display: Using Audio Device Headphones (High Definition Audio Device)
[2020.08.24-21.44.30:356][570]LogAudioMixer: Display: Initializing Sound Submixes...
[2020.08.24-21.44.30:356][570]LogAudioMixer: Display: Creating Master Submix 'MasterSubmixDefault'
[2020.08.24-21.44.30:356][570]LogAudioMixer: Display: Creating Master Submix 'MasterReverbSubmixDefault'
[2020.08.24-21.44.30:357][570]LogAudioMixer: Display: Creating Master Submix 'MasterEQSubmixDefault'
[2020.08.24-21.44.30:368][570]LogInit: FAudioDevice initialized.
[2020.08.24-21.44.30:394][570]LogLoad: Game class is 'ThirdPersonGameMode_C'
[2020.08.24-21.44.30:397][570]LogWorld: Bringing World /Game/ThirdPersonBP/Maps/UEDPIE_0_ThirdPersonExampleMap.ThirdPersonExampleMap up for play (max tick rate 0) at 2020.08.24-14.44.30
[2020.08.24-21.44.30:397][570]LogWorld: Bringing up level for play took: 0.002390
[2020.08.24-21.44.30:398][570]LogOnline: OSS: Creating online subsystem instance for: :Context_5
[2020.08.24-21.44.30:436][570]PIE: Warning: The widget 'WBCrosshair_C' was already added to the screen.
[2020.08.24-21.44.30:437][570]PIE: Server logged in
[2020.08.24-21.44.30:438][570]PIE: Play in editor total start time 0.366 seconds.
[2020.08.24-21.44.45:588][236]LogSlate: Updating window title bar state: overlay mode, drag disabled, window buttons hidden, title bar hidden
[2020.08.24-21.44.45:588][236]LogWorld: BeginTearingDown for /Game/ThirdPersonBP/Maps/UEDPIE_0_ThirdPersonExampleMap
[2020.08.24-21.44.45:589][236]LogWorld: UWorld::CleanupWorld for ThirdPersonExampleMap, bSessionEnded=true, bCleanupResources=true
[2020.08.24-21.44.45:589][236]LogSlate: InvalidateAllWidgets triggered.  All widgets were invalidated
[2020.08.24-21.44.45:597][236]LogPlayLevel: Display: Shutting down PIE online subsystems
[2020.08.24-21.44.45:599][236]LogSlate: InvalidateAllWidgets triggered.  All widgets were invalidated
[2020.08.24-21.44.45:624][236]LogSlate: Updating window title bar state: overlay mode, drag disabled, window buttons hidden, title bar hidden
[2020.08.24-21.44.45:625][236]LogAISub: UAISubsystem::~UAISubsystem AIPerceptionSystem (00000276866E5BC0), frame # 12236
[2020.08.24-21.44.45:626][236]LogAISub: UAISubsystem::~UAISubsystem EnvQueryManager (000002769801EA00), frame # 12236
[2020.08.24-21.44.45:636][236]LogUObjectHash: Compacting FUObjectHashTables data took   0.75ms
[2020.08.24-21.44.45:694][237]LogPlayLevel: Display: Destroying online subsystem :Context_5
[2020.08.24-21.44.46:602][312]LogUObjectHash: Compacting FUObjectHashTables data took   0.74ms
